[INFO  - 2020-11-25T02:00:53.367Z] GhostDriver - Main - running on port 56996
[INFO  - 2020-11-25T02:00:56.651Z] Session [0e7b3220-2ec2-11eb-9e56-e1a3fb6f34a5] - page.settings - {"XSSAuditingEnabled":false,"javascriptCanCloseWindows":true,"javascriptCanOpenWindows":true,"javascriptEnabled":true,"loadImages":true,"localToRemoteUrlAccessEnabled":false,"userAgent":"Mozilla/5.0 (Windows NT 6.2; WOW64) AppleWebKit/538.1 (KHTML, like Gecko) PhantomJS/2.1.1 Safari/538.1","webSecurityEnabled":true}
[INFO  - 2020-11-25T02:00:56.651Z] Session [0e7b3220-2ec2-11eb-9e56-e1a3fb6f34a5] - page.customHeaders:  - {}
[INFO  - 2020-11-25T02:00:56.651Z] Session [0e7b3220-2ec2-11eb-9e56-e1a3fb6f34a5] - Session.negotiatedCapabilities - {"browserName":"phantomjs","version":"2.1.1","driverName":"ghostdriver","driverVersion":"1.2.0","platform":"windows-10-32bit","javascriptEnabled":true,"takesScreenshot":true,"handlesAlerts":false,"databaseEnabled":false,"locationContextEnabled":false,"applicationCacheEnabled":false,"browserConnectionEnabled":false,"cssSelectorsEnabled":true,"webStorageEnabled":false,"rotatable":false,"acceptSslCerts":false,"nativeEvents":true,"proxy":{"proxyType":"direct"}}
[INFO  - 2020-11-25T02:00:56.651Z] SessionManagerReqHand - _postNewSessionCommand - New Session Created: 0e7b3220-2ec2-11eb-9e56-e1a3fb6f34a5
[ERROR - 2020-11-25T02:00:58.967Z] Session [0e7b3220-2ec2-11eb-9e56-e1a3fb6f34a5] - page.onError - msg: Unhandled promise rejection Error: Minified React error #31; visit https://reactjs.org/docs/error-decoder.html?invariant=31&args[]=object%20with%20keys%20%7B%24%24typeof%2C%20type%2C%20key%2C%20ref%2C%20props%2C%20_owner%7D&args[]= for the full message or use the non-minified dev environment for full errors and additional helpful warnings.

  phantomjs://platform/console++.js:263 in error
[ERROR - 2020-11-25T02:00:58.967Z] Session [0e7b3220-2ec2-11eb-9e56-e1a3fb6f34a5] - page.onError - stack:
  exports (https://static.zhihu.com/heifetz/vendor.546efe75409c9aff627d.js:53)

  phantomjs://platform/console++.js:263 in error
[ERROR - 2020-11-25T02:01:01.910Z] Session [0e7b3220-2ec2-11eb-9e56-e1a3fb6f34a5] - page.onError - msg: Unhandled promise rejection TypeError: undefined is not a constructor (evaluating 'e[c("0xb4")][c("0x174")]("")')

  phantomjs://platform/console++.js:263 in error
[ERROR - 2020-11-25T02:01:01.910Z] Session [0e7b3220-2ec2-11eb-9e56-e1a3fb6f34a5] - page.onError - stack:
  exports (https://static.zhihu.com/heifetz/vendor.546efe75409c9aff627d.js:53)

  phantomjs://platform/console++.js:263 in error
[ERROR - 2020-11-25T02:01:01.914Z] WebElementLocator - _handleLocateCommand - Element(s) NOT Found: GAVE UP. Search Stop Time: 1606269659727

  phantomjs://platform/console++.js:263 in error
[ERROR - 2020-11-25T02:01:03.276Z] WebElementLocator - _handleLocateCommand - Element(s) NOT Found: GAVE UP. Search Stop Time: 1606269663210

  phantomjs://platform/console++.js:263 in error
[ERROR - 2020-11-25T02:01:04.407Z] WebElementLocator - _handleLocateCommand - Element(s) NOT Found: GAVE UP. Search Stop Time: 1606269664361

  phantomjs://platform/console++.js:263 in error
[ERROR - 2020-11-25T02:01:05.563Z] WebElementLocator - _handleLocateCommand - Element(s) NOT Found: GAVE UP. Search Stop Time: 1606269665521

  phantomjs://platform/console++.js:263 in error
[ERROR - 2020-11-25T02:01:06.737Z] WebElementLocator - _handleLocateCommand - Element(s) NOT Found: GAVE UP. Search Stop Time: 1606269666689

  phantomjs://platform/console++.js:263 in error
[ERROR - 2020-11-25T02:01:07.872Z] WebElementLocator - _handleLocateCommand - Element(s) NOT Found: GAVE UP. Search Stop Time: 1606269667813

  phantomjs://platform/console++.js:263 in error
[ERROR - 2020-11-25T02:01:08.980Z] WebElementLocator - _handleLocateCommand - Element(s) NOT Found: GAVE UP. Search Stop Time: 1606269668965

  phantomjs://platform/console++.js:263 in error
[ERROR - 2020-11-25T02:01:10.086Z] WebElementLocator - _handleLocateCommand - Element(s) NOT Found: GAVE UP. Search Stop Time: 1606269670080

  phantomjs://platform/console++.js:263 in error
[ERROR - 2020-11-25T02:01:11.299Z] WebElementLocator - _handleLocateCommand - Element(s) NOT Found: GAVE UP. Search Stop Time: 1606269671277

  phantomjs://platform/console++.js:263 in error
[ERROR - 2020-11-25T02:01:12.389Z] WebElementLocator - _handleLocateCommand - Element(s) NOT Found: GAVE UP. Search Stop Time: 1606269672381

  phantomjs://platform/console++.js:263 in error
[ERROR - 2020-11-25T02:01:13.508Z] WebElementLocator - _handleLocateCommand - Element(s) NOT Found: GAVE UP. Search Stop Time: 1606269673463

  phantomjs://platform/console++.js:263 in error
[ERROR - 2020-11-25T02:01:14.683Z] WebElementLocator - _handleLocateCommand - Element(s) NOT Found: GAVE UP. Search Stop Time: 1606269674629

  phantomjs://platform/console++.js:263 in error
[ERROR - 2020-11-25T02:01:15.752Z] WebElementLocator - _handleLocateCommand - Element(s) NOT Found: GAVE UP. Search Stop Time: 1606269675736

  phantomjs://platform/console++.js:263 in error
[ERROR - 2020-11-25T02:01:16.870Z] WebElementLocator - _handleLocateCommand - Element(s) NOT Found: GAVE UP. Search Stop Time: 1606269676820

  phantomjs://platform/console++.js:263 in error
[ERROR - 2020-11-25T02:01:18.002Z] WebElementLocator - _handleLocateCommand - Element(s) NOT Found: GAVE UP. Search Stop Time: 1606269678001

  phantomjs://platform/console++.js:263 in error
[ERROR - 2020-11-25T02:01:19.285Z] WebElementLocator - _handleLocateCommand - Element(s) NOT Found: GAVE UP. Search Stop Time: 1606269679223

  phantomjs://platform/console++.js:263 in error
[ERROR - 2020-11-25T02:01:20.443Z] WebElementLocator - _handleLocateCommand - Element(s) NOT Found: GAVE UP. Search Stop Time: 1606269680385

  phantomjs://platform/console++.js:263 in error
[ERROR - 2020-11-25T02:01:21.550Z] WebElementLocator - _handleLocateCommand - Element(s) NOT Found: GAVE UP. Search Stop Time: 1606269681544

  phantomjs://platform/console++.js:263 in error
[ERROR - 2020-11-25T02:01:22.692Z] WebElementLocator - _handleLocateCommand - Element(s) NOT Found: GAVE UP. Search Stop Time: 1606269682685

  phantomjs://platform/console++.js:263 in error
[ERROR - 2020-11-25T02:01:23.810Z] WebElementLocator - _handleLocateCommand - Element(s) NOT Found: GAVE UP. Search Stop Time: 1606269683750

  phantomjs://platform/console++.js:263 in error
[ERROR - 2020-11-25T02:01:24.938Z] WebElementLocator - _handleLocateCommand - Element(s) NOT Found: GAVE UP. Search Stop Time: 1606269684876

  phantomjs://platform/console++.js:263 in error
[ERROR - 2020-11-25T02:01:26.046Z] WebElementLocator - _handleLocateCommand - Element(s) NOT Found: GAVE UP. Search Stop Time: 1606269686024

  phantomjs://platform/console++.js:263 in error
[ERROR - 2020-11-25T02:01:27.181Z] WebElementLocator - _handleLocateCommand - Element(s) NOT Found: GAVE UP. Search Stop Time: 1606269687134

  phantomjs://platform/console++.js:263 in error
[ERROR - 2020-11-25T02:01:28.315Z] WebElementLocator - _handleLocateCommand - Element(s) NOT Found: GAVE UP. Search Stop Time: 1606269688287

  phantomjs://platform/console++.js:263 in error
[ERROR - 2020-11-25T02:01:29.409Z] WebElementLocator - _handleLocateCommand - Element(s) NOT Found: GAVE UP. Search Stop Time: 1606269689404

  phantomjs://platform/console++.js:263 in error
[ERROR - 2020-11-25T02:01:30.590Z] WebElementLocator - _handleLocateCommand - Element(s) NOT Found: GAVE UP. Search Stop Time: 1606269690538

  phantomjs://platform/console++.js:263 in error
[ERROR - 2020-11-25T02:01:31.747Z] WebElementLocator - _handleLocateCommand - Element(s) NOT Found: GAVE UP. Search Stop Time: 1606269691690

  phantomjs://platform/console++.js:263 in error
[ERROR - 2020-11-25T02:01:32.961Z] WebElementLocator - _handleLocateCommand - Element(s) NOT Found: GAVE UP. Search Stop Time: 1606269692906

  phantomjs://platform/console++.js:263 in error
[ERROR - 2020-11-25T02:01:34.123Z] WebElementLocator - _handleLocateCommand - Element(s) NOT Found: GAVE UP. Search Stop Time: 1606269694066

  phantomjs://platform/console++.js:263 in error
[ERROR - 2020-11-25T02:01:35.292Z] WebElementLocator - _handleLocateCommand - Element(s) NOT Found: GAVE UP. Search Stop Time: 1606269695270

  phantomjs://platform/console++.js:263 in error
[ERROR - 2020-11-25T02:01:36.418Z] WebElementLocator - _handleLocateCommand - Element(s) NOT Found: GAVE UP. Search Stop Time: 1606269696408

  phantomjs://platform/console++.js:263 in error
[ERROR - 2020-11-25T02:01:37.620Z] WebElementLocator - _handleLocateCommand - Element(s) NOT Found: GAVE UP. Search Stop Time: 1606269697576

  phantomjs://platform/console++.js:263 in error
[ERROR - 2020-11-25T02:01:38.736Z] WebElementLocator - _handleLocateCommand - Element(s) NOT Found: GAVE UP. Search Stop Time: 1606269698733

  phantomjs://platform/console++.js:263 in error
[ERROR - 2020-11-25T02:01:39.820Z] WebElementLocator - _handleLocateCommand - Element(s) NOT Found: GAVE UP. Search Stop Time: 1606269699817

  phantomjs://platform/console++.js:263 in error
[ERROR - 2020-11-25T02:01:40.889Z] WebElementLocator - _handleLocateCommand - Element(s) NOT Found: GAVE UP. Search Stop Time: 1606269700887

  phantomjs://platform/console++.js:263 in error
[ERROR - 2020-11-25T02:01:42.040Z] WebElementLocator - _handleLocateCommand - Element(s) NOT Found: GAVE UP. Search Stop Time: 1606269701983

  phantomjs://platform/console++.js:263 in error
[ERROR - 2020-11-25T02:01:43.348Z] WebElementLocator - _handleLocateCommand - Element(s) NOT Found: GAVE UP. Search Stop Time: 1606269703294

  phantomjs://platform/console++.js:263 in error
[ERROR - 2020-11-25T02:01:44.696Z] WebElementLocator - _handleLocateCommand - Element(s) NOT Found: GAVE UP. Search Stop Time: 1606269704653

  phantomjs://platform/console++.js:263 in error
[ERROR - 2020-11-25T02:01:45.976Z] WebElementLocator - _handleLocateCommand - Element(s) NOT Found: GAVE UP. Search Stop Time: 1606269705913

  phantomjs://platform/console++.js:263 in error
[ERROR - 2020-11-25T02:01:47.221Z] WebElementLocator - _handleLocateCommand - Element(s) NOT Found: GAVE UP. Search Stop Time: 1606269707173

  phantomjs://platform/console++.js:263 in error
[ERROR - 2020-11-25T02:01:48.310Z] WebElementLocator - _handleLocateCommand - Element(s) NOT Found: GAVE UP. Search Stop Time: 1606269708309

  phantomjs://platform/console++.js:263 in error
[ERROR - 2020-11-25T02:01:49.431Z] WebElementLocator - _handleLocateCommand - Element(s) NOT Found: GAVE UP. Search Stop Time: 1606269709421

  phantomjs://platform/console++.js:263 in error
[ERROR - 2020-11-25T02:01:50.621Z] WebElementLocator - _handleLocateCommand - Element(s) NOT Found: GAVE UP. Search Stop Time: 1606269710568

  phantomjs://platform/console++.js:263 in error
[ERROR - 2020-11-25T02:01:51.776Z] WebElementLocator - _handleLocateCommand - Element(s) NOT Found: GAVE UP. Search Stop Time: 1606269711727

  phantomjs://platform/console++.js:263 in error
[ERROR - 2020-11-25T02:01:52.908Z] WebElementLocator - _handleLocateCommand - Element(s) NOT Found: GAVE UP. Search Stop Time: 1606269712898

  phantomjs://platform/console++.js:263 in error
[ERROR - 2020-11-25T02:01:54.067Z] WebElementLocator - _handleLocateCommand - Element(s) NOT Found: GAVE UP. Search Stop Time: 1606269714010

  phantomjs://platform/console++.js:263 in error
[ERROR - 2020-11-25T02:01:55.331Z] WebElementLocator - _handleLocateCommand - Element(s) NOT Found: GAVE UP. Search Stop Time: 1606269715286

  phantomjs://platform/console++.js:263 in error
[ERROR - 2020-11-25T02:01:56.773Z] WebElementLocator - _handleLocateCommand - Element(s) NOT Found: GAVE UP. Search Stop Time: 1606269716751

  phantomjs://platform/console++.js:263 in error
[ERROR - 2020-11-25T02:01:58.252Z] WebElementLocator - _handleLocateCommand - Element(s) NOT Found: GAVE UP. Search Stop Time: 1606269718202

  phantomjs://platform/console++.js:263 in error
[ERROR - 2020-11-25T02:01:59.608Z] WebElementLocator - _handleLocateCommand - Element(s) NOT Found: GAVE UP. Search Stop Time: 1606269719590

  phantomjs://platform/console++.js:263 in error
